Using pre-set license
Built from '2020.2/release' branch; Version is '2020.2.2f1 (068178b99f32) revision 426360'; Using compiler version '192528614'; Build Type 'Release'
OS: 'Windows 10 Pro; OS build 19043.1110; Version 2009; 64bit' Language: 'en' Physical Memory: 32645 MB
BatchMode: 1, IsHumanControllingUs: 0, StartBugReporterOnCrash: 0, Is64bit: 1, IsPro: 0

 COMMAND LINE ARGUMENTS:
C:\Program Files\Unity\Hub\Editor\2020.2.2f1\Editor\Unity.exe
-adb2
-batchMode
-noUpm
-name
AssetImportWorker0
-projectPath
C:/Users/lalal/OneDrive - TAFE NSW/VR GITHUB/VR-Project/VR-Project
-logFile
Logs/AssetImportWorker0.log
-srvPort
58079
Successfully changed project path to: C:/Users/lalal/OneDrive - TAFE NSW/VR GITHUB/VR-Project/VR-Project
C:/Users/lalal/OneDrive - TAFE NSW/VR GITHUB/VR-Project/VR-Project
Using Asset Import Pipeline V2.
Refreshing native plugins compatible for Editor in 24.01 ms, found 0 plugins.
Preloading 0 native plugins for Editor in 0.00 ms.
Initialize engine version: 2020.2.2f1 (068178b99f32)
[Subsystems] Discovering subsystems at path C:/Program Files/Unity/Hub/Editor/2020.2.2f1/Editor/Data/Resources/UnitySubsystems
[Subsystems] Discovering subsystems at path C:/Users/lalal/OneDrive - TAFE NSW/VR GITHUB/VR-Project/VR-Project/Assets
GfxDevice: creating device client; threaded=0
Direct3D:
    Version:  Direct3D 11.0 [level 11.1]
    Renderer: NVIDIA GeForce RTX 2070 with Max-Q Design (ID=0x1f50)
    Vendor:   
    VRAM:     8031 MB
    Driver:   27.21.14.6280
Initialize mono
Mono path[0] = 'C:/Program Files/Unity/Hub/Editor/2020.2.2f1/Editor/Data/Managed'
Mono path[1] = 'C:/Program Files/Unity/Hub/Editor/2020.2.2f1/Editor/Data/MonoBleedingEdge/lib/mono/unityjit'
Mono config path = 'C:/Program Files/Unity/Hub/Editor/2020.2.2f1/Editor/Data/MonoBleedingEdge/etc'
Using monoOptions --debugger-agent=transport=dt_socket,embedding=1,server=y,suspend=n,address=127.0.0.1:56544
Begin MonoManager ReloadAssembly
Registering precompiled unity dll's ...
Register platform support module: C:/Program Files/Unity/Hub/Editor/2020.2.2f1/Editor/Data/PlaybackEngines/WindowsStandaloneSupport/UnityEditor.WindowsStandalone.Extensions.dll
Registered in 0.002386 seconds.
Native extension for WindowsStandalone target not found
Refreshing native plugins compatible for Editor in 35.15 ms, found 0 plugins.
Preloading 0 native plugins for Editor in 0.00 ms.
Invoked RoslynAnalysisRunner static constructor.
RoslynAnalysisRunner will not be running.
RoslynAnalysisRunner has terminated.
Mono: successfully reloaded assembly
- Completed reload, in  2.906 seconds
Platform modules already initialized, skipping
Registering precompiled user dll's ...
Registered in 0.000987 seconds.
Begin MonoManager ReloadAssembly
Native extension for WindowsStandalone target not found
Refreshing native plugins compatible for Editor in 0.18 ms, found 0 plugins.
Preloading 0 native plugins for Editor in 0.00 ms.
Invoked RoslynAnalysisRunner static constructor.
RoslynAnalysisRunner will not be running.
RoslynAnalysisRunner has terminated.
Mono: successfully reloaded assembly
- Completed reload, in  0.875 seconds
Platform modules already initialized, skipping
========================================================================
Worker process is ready to serve import requests
Launched and connected shader compiler UnityShaderCompiler.exe after 0.07 seconds
Refreshing native plugins compatible for Editor in 0.18 ms, found 0 plugins.
Preloading 0 native plugins for Editor in 0.00 ms.
Unloading 1099 Unused Serialized files (Serialized files now loaded: 0)
System memory in use before: 56.4 MB.
System memory in use after: 56.5 MB.

Unloading 9 unused Assets to reduce memory usage. Loaded Objects now: 1541.
Total: 2.142200 ms (FindLiveObjects: 0.229200 ms CreateObjectMapping: 0.060800 ms MarkObjects: 1.774600 ms  DeleteObjects: 0.076300 ms)

========================================================================
Received Import Request.
  path: Assets/Scenes/EscapeRoom.unity
  artifactKey: Guid(9fc0d4010bbf28b4594072e72b8655ab) Importer(815301076,1909f56bfc062723c751e8b465ee728b)
Start importing Assets/Scenes/EscapeRoom.unity using Guid(9fc0d4010bbf28b4594072e72b8655ab) Importer(815301076,1909f56bfc062723c751e8b465ee728b)  -> (artifact id: '29fcec5f5df9a2667718741157a187d8') in 0.011172 seconds
  Import took 0.012911 seconds .

========================================================================
Received Prepare
Registering precompiled user dll's ...
Registered in 0.001258 seconds.
Begin MonoManager ReloadAssembly
Native extension for WindowsStandalone target not found
Refreshing native plugins compatible for Editor in 0.26 ms, found 0 plugins.
Preloading 0 native plugins for Editor in 0.00 ms.
Warning: Annotation not found!
UnityEngine.StackTraceUtility:ExtractStackTrace ()
UnityEditor.ProBuilder.EditorUtility:SetGizmoIconEnabled (System.Type,bool) (at Library/PackageCache/com.unity.probuilder@4.4.0/Editor/EditorCore/EditorUtility.cs:593)
UnityEditor.ProBuilder.HierarchyListener:.cctor () (at Library/PackageCache/com.unity.probuilder@4.4.0/Editor/EditorCore/HierarchyListener.cs:21)
System.Runtime.CompilerServices.RuntimeHelpers:RunClassConstructor (System.RuntimeTypeHandle)
UnityEditor.EditorAssemblies:ProcessInitializeOnLoadAttributes (System.Type[])

[Library/PackageCache/com.unity.probuilder@4.4.0/Editor/EditorCore/EditorUtility.cs line 593]

Invoked RoslynAnalysisRunner static constructor.
RoslynAnalysisRunner will not be running.
RoslynAnalysisRunner has terminated.
Mono: successfully reloaded assembly
- Completed reload, in  1.128 seconds
Platform modules already initialized, skipping
Refreshing native plugins compatible for Editor in 0.26 ms, found 0 plugins.
Preloading 0 native plugins for Editor in 0.00 ms.
Unloading 1454 Unused Serialized files (Serialized files now loaded: 0)
System memory in use before: 70.5 MB.
System memory in use after: 68.8 MB.

Unloading 27 unused Assets to reduce memory usage. Loaded Objects now: 1882.
Total: 3.142600 ms (FindLiveObjects: 0.151900 ms CreateObjectMapping: 0.043800 ms MarkObjects: 1.738800 ms  DeleteObjects: 1.206800 ms)

========================================================================
Received Import Request.
  Time since last request: 1228.342687 seconds.
  path: Assets/Lavabrick/Lavabrick.mat
  artifactKey: Guid(f9ce4b5b272e62e47b0c83a957786c1a) Importer(815301076,1909f56bfc062723c751e8b465ee728b)
Start importing Assets/Lavabrick/Lavabrick.mat using Guid(f9ce4b5b272e62e47b0c83a957786c1a) Importer(815301076,1909f56bfc062723c751e8b465ee728b)  -> (artifact id: '1940c560c39c02d4da52f9cbabddb9f5') in 0.312477 seconds
  Import took 0.315049 seconds .

========================================================================
Received Import Request.
  Time since last request: 0.000278 seconds.
  path: Assets/Lavabrick/Без имени-1.tif
  artifactKey: Guid(4a3b0f666318c3d489bf734659a1073e) Importer(815301076,1909f56bfc062723c751e8b465ee728b)
Start importing Assets/Lavabrick/Без имени-1.tif using Guid(4a3b0f666318c3d489bf734659a1073e) Importer(815301076,1909f56bfc062723c751e8b465ee728b)  -> (artifact id: 'c1776631167cbcc4b278659799ddb384') in 0.024637 seconds
  Import took 0.026658 seconds .

========================================================================
Received Import Request.
  Time since last request: 0.000305 seconds.
  path: Assets/Lavabrick/lavabrick_TEX_NRM.png
  artifactKey: Guid(e6fa04c8de8b4bd44b8bb1fdd43c1117) Importer(815301076,1909f56bfc062723c751e8b465ee728b)
Start importing Assets/Lavabrick/lavabrick_TEX_NRM.png using Guid(e6fa04c8de8b4bd44b8bb1fdd43c1117) Importer(815301076,1909f56bfc062723c751e8b465ee728b)  -> (artifact id: '7dca65adb19bb9c4e62c36725a589f3b') in 0.063813 seconds
  Import took 0.065878 seconds .

========================================================================
Received Import Request.
  Time since last request: 0.000226 seconds.
  path: Assets/Lavabrick/Lavabrick_ILL.png
  artifactKey: Guid(0955224de7c53c243ad5ca9b3e75bcf8) Importer(815301076,1909f56bfc062723c751e8b465ee728b)
Start importing Assets/Lavabrick/Lavabrick_ILL.png using Guid(0955224de7c53c243ad5ca9b3e75bcf8) Importer(815301076,1909f56bfc062723c751e8b465ee728b)  -> (artifact id: 'ed44f3ba313ed5dc8acb537171abaac2') in 0.009928 seconds
  Import took 0.012098 seconds .

========================================================================
Received Import Request.
  Time since last request: 0.000182 seconds.
  path: Assets/Lavabrick/lavabrick_TEX_DISP.png
  artifactKey: Guid(ae0b7bd4503db2c469a0161ad4f9ce6f) Importer(815301076,1909f56bfc062723c751e8b465ee728b)
Start importing Assets/Lavabrick/lavabrick_TEX_DISP.png using Guid(ae0b7bd4503db2c469a0161ad4f9ce6f) Importer(815301076,1909f56bfc062723c751e8b465ee728b)  -> (artifact id: 'b80439ee281f08af787ad83c6a1df5f6') in 0.010959 seconds
  Import took 0.013004 seconds .

========================================================================
Received Import Request.
  Time since last request: 0.000207 seconds.
  path: Assets/Lavabrick/lavabrick_TEX 1.tif
  artifactKey: Guid(a4b9c1e9ba074fd4c9e472c5557848f1) Importer(815301076,1909f56bfc062723c751e8b465ee728b)
Start importing Assets/Lavabrick/lavabrick_TEX 1.tif using Guid(a4b9c1e9ba074fd4c9e472c5557848f1) Importer(815301076,1909f56bfc062723c751e8b465ee728b)  -> (artifact id: '9ddc73758d0720b9d3867c760d88d50b') in 0.012313 seconds
  Import took 0.015284 seconds .

========================================================================
Received Import Request.
  Time since last request: 0.000211 seconds.
  path: Assets/Lavabrick/Lavabrick.png
  artifactKey: Guid(ddee01e2719a1394d95c1f33ec367a3a) Importer(815301076,1909f56bfc062723c751e8b465ee728b)
Start importing Assets/Lavabrick/Lavabrick.png using Guid(ddee01e2719a1394d95c1f33ec367a3a) Importer(815301076,1909f56bfc062723c751e8b465ee728b)  -> (artifact id: '2bfb0b55ac129a55b5a902d53217aa6d') in 0.010263 seconds
  Import took 0.013779 seconds .

========================================================================
Received Import Request.
  Time since last request: 0.000249 seconds.
  path: Assets/Lavabrick/Lavabrick_ILL.tif
  artifactKey: Guid(ce1550e070bffbe40a9be4219a5023ce) Importer(815301076,1909f56bfc062723c751e8b465ee728b)
Start importing Assets/Lavabrick/Lavabrick_ILL.tif using Guid(ce1550e070bffbe40a9be4219a5023ce) Importer(815301076,1909f56bfc062723c751e8b465ee728b)  -> (artifact id: '0ec39108416d434b426909f09953c541') in 0.010407 seconds
  Import took 0.014212 seconds .

========================================================================
Received Import Request.
  Time since last request: 0.000260 seconds.
  path: Assets/Lavabrick/lavabrick_TEX.tif
  artifactKey: Guid(a5845122d91d26d419c877d012e15439) Importer(815301076,1909f56bfc062723c751e8b465ee728b)
Start importing Assets/Lavabrick/lavabrick_TEX.tif using Guid(a5845122d91d26d419c877d012e15439) Importer(815301076,1909f56bfc062723c751e8b465ee728b)  -> (artifact id: 'c59790807c664be0702d9d02a56c1dee') in 0.016261 seconds
  Import took 0.018895 seconds .

========================================================================
Received Import Request.
  Time since last request: 0.000235 seconds.
  path: Assets/Lavabrick/lavabrick_TEX_NRM.jpg
  artifactKey: Guid(948b6c99bd0e4894283a3ae61e11b70a) Importer(815301076,1909f56bfc062723c751e8b465ee728b)
Start importing Assets/Lavabrick/lavabrick_TEX_NRM.jpg using Guid(948b6c99bd0e4894283a3ae61e11b70a) Importer(815301076,1909f56bfc062723c751e8b465ee728b)  -> (artifact id: 'e150957be213cce56010fb4c1588d732') in 0.017501 seconds
  Import took 0.020264 seconds .

========================================================================
Received Import Request.
  Time since last request: 0.000223 seconds.
  path: Assets/Lavabrick/lavabrick_TEX_COLOR.tif
  artifactKey: Guid(c9ef83d58e7b1df499c44e9465fc1b3d) Importer(815301076,1909f56bfc062723c751e8b465ee728b)
Start importing Assets/Lavabrick/lavabrick_TEX_COLOR.tif using Guid(c9ef83d58e7b1df499c44e9465fc1b3d) Importer(815301076,1909f56bfc062723c751e8b465ee728b)  -> (artifact id: '41c458e75173553e630f523e5dfac8b9') in 0.009955 seconds
  Import took 0.012690 seconds .

========================================================================
Received Import Request.
  Time since last request: 0.000224 seconds.
  path: Assets/Lavabrick/lavabrick_TEX_DISP.jpg
  artifactKey: Guid(21b3cc64166026141b1e88bbad4fd767) Importer(815301076,1909f56bfc062723c751e8b465ee728b)
Start importing Assets/Lavabrick/lavabrick_TEX_DISP.jpg using Guid(21b3cc64166026141b1e88bbad4fd767) Importer(815301076,1909f56bfc062723c751e8b465ee728b)  -> (artifact id: '5f8d13741a78a2b4f6e57d635d9c5b9e') in 0.010987 seconds
  Import took 0.013467 seconds .

========================================================================
Received Import Request.
  Time since last request: 111.185339 seconds.
  path: Assets/RobotSphere/Assets
  artifactKey: Guid(30d1cdc1b09d1f34aa54c83d0b69f316) Importer(815301076,1909f56bfc062723c751e8b465ee728b)
Start importing Assets/RobotSphere/Assets using Guid(30d1cdc1b09d1f34aa54c83d0b69f316) Importer(815301076,1909f56bfc062723c751e8b465ee728b)  -> (artifact id: '66b0dfedbb3267e8b356ad4dc4671225') in 0.002499 seconds
  Import took 0.004614 seconds .

========================================================================
Received Import Request.
  Time since last request: 0.726769 seconds.
  path: Assets/RobotSphere/Assets/Prefab
  artifactKey: Guid(8e584c9121988de4db40c04a964b213e) Importer(815301076,1909f56bfc062723c751e8b465ee728b)
Start importing Assets/RobotSphere/Assets/Prefab using Guid(8e584c9121988de4db40c04a964b213e) Importer(815301076,1909f56bfc062723c751e8b465ee728b)  -> (artifact id: '42052053318cce8cce11d0a74f21cc30') in 0.003043 seconds
  Import took 0.005575 seconds .

========================================================================
Received Import Request.
  Time since last request: 0.003848 seconds.
  path: Assets/RobotSphere/Assets/Prefab
  artifactKey: Guid(8e584c9121988de4db40c04a964b213e) Importer(815301076,1909f56bfc062723c751e8b465ee728b)
Start importing Assets/RobotSphere/Assets/Prefab using Guid(8e584c9121988de4db40c04a964b213e) Importer(815301076,1909f56bfc062723c751e8b465ee728b)  -> (artifact id: '42052053318cce8cce11d0a74f21cc30') in 0.002706 seconds
  Import took 0.004989 seconds .

========================================================================
Received Import Request.
  Time since last request: 0.069802 seconds.
  path: Assets/RobotSphere/Assets/Prefab/robotSphere.prefab
  artifactKey: Guid(8e0f285c21cdcf14e8d5c06c57ba936b) Importer(815301076,1909f56bfc062723c751e8b465ee728b)
Start importing Assets/RobotSphere/Assets/Prefab/robotSphere.prefab using Guid(8e0f285c21cdcf14e8d5c06c57ba936b) Importer(815301076,1909f56bfc062723c751e8b465ee728b)  -> (artifact id: 'bb2e1d389986fb8318ec19cf2a0d7750') in 0.560247 seconds
  Import took 0.563070 seconds .

========================================================================
Received Import Request.
  Time since last request: 0.001808 seconds.
  path: Assets/RobotSphere/Assets/Prefab/robotSphere.prefab
  artifactKey: Guid(8e0f285c21cdcf14e8d5c06c57ba936b) Importer(815301076,1909f56bfc062723c751e8b465ee728b)
Start importing Assets/RobotSphere/Assets/Prefab/robotSphere.prefab using Guid(8e0f285c21cdcf14e8d5c06c57ba936b) Importer(815301076,1909f56bfc062723c751e8b465ee728b)  -> (artifact id: 'bb2e1d389986fb8318ec19cf2a0d7750') in 0.023722 seconds
  Import took 0.028229 seconds .

========================================================================
Received Import Request.
  Time since last request: 10.535244 seconds.
  path: Assets/RobotSphere/Assets/Prefab/robotSphere.prefab
  artifactKey: Guid(8e0f285c21cdcf14e8d5c06c57ba936b) Importer(815301076,1909f56bfc062723c751e8b465ee728b)
Start importing Assets/RobotSphere/Assets/Prefab/robotSphere.prefab using Guid(8e0f285c21cdcf14e8d5c06c57ba936b) Importer(815301076,1909f56bfc062723c751e8b465ee728b)  -> (artifact id: 'f1bbe4f3eb36019d3b3982cf538f064e') in 0.023324 seconds
  Import took 0.026472 seconds .

========================================================================
Received Import Request.
  Time since last request: 22.315266 seconds.
  path: Assets/RobotSphere
  artifactKey: Guid(de59d334ee3623f47abf0493e50dbbd4) Importer(815301076,1909f56bfc062723c751e8b465ee728b)
Start importing Assets/RobotSphere using Guid(de59d334ee3623f47abf0493e50dbbd4) Importer(815301076,1909f56bfc062723c751e8b465ee728b)  -> (artifact id: '522db9782b10734d9f7cb31b1e9d8fd6') in 0.003493 seconds
  Import took 0.005859 seconds .

========================================================================
Received Import Request.
  Time since last request: 0.000978 seconds.
  path: Assets/RobotSphere
  artifactKey: Guid(de59d334ee3623f47abf0493e50dbbd4) Importer(815301076,1909f56bfc062723c751e8b465ee728b)
Start importing Assets/RobotSphere using Guid(de59d334ee3623f47abf0493e50dbbd4) Importer(815301076,1909f56bfc062723c751e8b465ee728b)  -> (artifact id: '522db9782b10734d9f7cb31b1e9d8fd6') in 0.002604 seconds
  Import took 0.004731 seconds .

========================================================================
Received Import Request.
  Time since last request: 251.515851 seconds.
  path: Assets
  artifactKey: Guid(00000000000000001000000000000000) Importer(815301076,1909f56bfc062723c751e8b465ee728b)
Start importing Assets using Guid(00000000000000001000000000000000) Importer(815301076,1909f56bfc062723c751e8b465ee728b)  -> (artifact id: '4a6e520b92ccfc61bcfa21a7bcab8468') in 0.002784 seconds
  Import took 0.005692 seconds .

========================================================================
Received Import Request.
  Time since last request: 6.101373 seconds.
  path: Assets/Materials
  artifactKey: Guid(446e2a55f15c6da4cb139e4fe34dee49) Importer(815301076,1909f56bfc062723c751e8b465ee728b)
Start importing Assets/Materials using Guid(446e2a55f15c6da4cb139e4fe34dee49) Importer(815301076,1909f56bfc062723c751e8b465ee728b)  -> (artifact id: '586a339e22485da656b57deb63991c7d') in 0.002666 seconds
  Import took 0.004917 seconds .

========================================================================
Received Import Request.
  Time since last request: 0.006441 seconds.
  path: Assets/Materials
  artifactKey: Guid(446e2a55f15c6da4cb139e4fe34dee49) Importer(815301076,1909f56bfc062723c751e8b465ee728b)
Start importing Assets/Materials using Guid(446e2a55f15c6da4cb139e4fe34dee49) Importer(815301076,1909f56bfc062723c751e8b465ee728b)  -> (artifact id: '586a339e22485da656b57deb63991c7d') in 0.002660 seconds
  Import took 0.005036 seconds .

========================================================================
Received Import Request.
  Time since last request: 9.771912 seconds.
  path: Assets/Materials/StairsMaterial.mat
  artifactKey: Guid(c89a0fa5fd371594e824bf3fda6765df) Importer(815301076,1909f56bfc062723c751e8b465ee728b)
Start importing Assets/Materials/StairsMaterial.mat using Guid(c89a0fa5fd371594e824bf3fda6765df) Importer(815301076,1909f56bfc062723c751e8b465ee728b)  -> (artifact id: '6ca09faf6674d938f08a6653e8a8ee5a') in 0.015725 seconds
  Import took 0.018354 seconds .

========================================================================
Received Import Request.
  Time since last request: 36.439490 seconds.
  path: Assets/Materials/StairsMaterial.mat
  artifactKey: Guid(c89a0fa5fd371594e824bf3fda6765df) Importer(815301076,1909f56bfc062723c751e8b465ee728b)
Start importing Assets/Materials/StairsMaterial.mat using Guid(c89a0fa5fd371594e824bf3fda6765df) Importer(815301076,1909f56bfc062723c751e8b465ee728b)  -> (artifact id: '7f2d07f537486907d14c8a5be34cf0b6') in 0.009361 seconds
  Import took 0.011860 seconds .

========================================================================
Received Import Request.
  Time since last request: 462.101266 seconds.
  path: Assets/stone_floor_texture/Stone_floor_09.mat
  artifactKey: Guid(6f3b764d69dc4d04d8e2ce516d2dfaa3) Importer(815301076,1909f56bfc062723c751e8b465ee728b)
Start importing Assets/stone_floor_texture/Stone_floor_09.mat using Guid(6f3b764d69dc4d04d8e2ce516d2dfaa3) Importer(815301076,1909f56bfc062723c751e8b465ee728b)  -> (artifact id: '835324928f87c54ab62440a6df3d9c72') in 0.117572 seconds
  Import took 0.120876 seconds .

========================================================================
Received Import Request.
  Time since last request: 0.000290 seconds.
  path: Assets/stone_floor_texture/Stone_floor_09.png
  artifactKey: Guid(6cac73f2a8fa6ce42b25c745285032ec) Importer(815301076,1909f56bfc062723c751e8b465ee728b)
Start importing Assets/stone_floor_texture/Stone_floor_09.png using Guid(6cac73f2a8fa6ce42b25c745285032ec) Importer(815301076,1909f56bfc062723c751e8b465ee728b)  -> (artifact id: '5cfa99ceda421b15d730858141dec8d4') in 0.009557 seconds
  Import took 0.012449 seconds .

========================================================================
Received Import Request.
  Time since last request: 25.215252 seconds.
  path: Assets/stone_floor_texture/Stone_floor_09.mat
  artifactKey: Guid(6f3b764d69dc4d04d8e2ce516d2dfaa3) Importer(815301076,1909f56bfc062723c751e8b465ee728b)
Start importing Assets/stone_floor_texture/Stone_floor_09.mat using Guid(6f3b764d69dc4d04d8e2ce516d2dfaa3) Importer(815301076,1909f56bfc062723c751e8b465ee728b)  -> (artifact id: '74bcc7782a563520ebe5e4c8f9540f2b') in 0.010471 seconds
  Import took 0.013031 seconds .

========================================================================
Received Import Request.
  Time since last request: 22.462429 seconds.
  path: Assets/stone_floor_texture/Stone_floor_09.mat
  artifactKey: Guid(6f3b764d69dc4d04d8e2ce516d2dfaa3) Importer(815301076,1909f56bfc062723c751e8b465ee728b)
Start importing Assets/stone_floor_texture/Stone_floor_09.mat using Guid(6f3b764d69dc4d04d8e2ce516d2dfaa3) Importer(815301076,1909f56bfc062723c751e8b465ee728b)  -> (artifact id: '796b574e13291c56ff724f445c0139a7') in 0.013147 seconds
  Import took 0.016081 seconds .

========================================================================
Received Import Request.
  Time since last request: 52.044197 seconds.
  path: Assets/Stylized Stone Texture/Materials
  artifactKey: Guid(855350d72edd5b546aba24877b32789a) Importer(815301076,1909f56bfc062723c751e8b465ee728b)
Start importing Assets/Stylized Stone Texture/Materials using Guid(855350d72edd5b546aba24877b32789a) Importer(815301076,1909f56bfc062723c751e8b465ee728b)  -> (artifact id: 'c88f2c2b8ab2373094fa7c1c55038bf5') in 0.002508 seconds
  Import took 0.005088 seconds .

========================================================================
Received Import Request.
  Time since last request: 0.004799 seconds.
  path: Assets/Stylized Stone Texture/Materials
  artifactKey: Guid(855350d72edd5b546aba24877b32789a) Importer(815301076,1909f56bfc062723c751e8b465ee728b)
Start importing Assets/Stylized Stone Texture/Materials using Guid(855350d72edd5b546aba24877b32789a) Importer(815301076,1909f56bfc062723c751e8b465ee728b)  -> (artifact id: 'c88f2c2b8ab2373094fa7c1c55038bf5') in 0.002815 seconds
  Import took 0.005974 seconds .

========================================================================
Received Import Request.
  Time since last request: 0.077900 seconds.
  path: Assets/Stylized Stone Texture/Materials/Stylize_Stone.mat
  artifactKey: Guid(883f8208688f4014fb92cde6700c2f8f) Importer(815301076,1909f56bfc062723c751e8b465ee728b)
Start importing Assets/Stylized Stone Texture/Materials/Stylize_Stone.mat using Guid(883f8208688f4014fb92cde6700c2f8f) Importer(815301076,1909f56bfc062723c751e8b465ee728b)  -> (artifact id: '3b58127884d50fa32bd0f761ccaf6e65') in 0.279048 seconds
  Import took 0.281610 seconds .

========================================================================
Received Import Request.
  Time since last request: 0.000242 seconds.
  path: Assets/Stylized Stone Texture/Materials/Stylize_Stone_diffuse.mat
  artifactKey: Guid(dccc15c0fa402c846afc974fee17cb08) Importer(815301076,1909f56bfc062723c751e8b465ee728b)
Start importing Assets/Stylized Stone Texture/Materials/Stylize_Stone_diffuse.mat using Guid(dccc15c0fa402c846afc974fee17cb08) Importer(815301076,1909f56bfc062723c751e8b465ee728b)  -> (artifact id: 'cab6afc63694218ea66798720d836409') in 0.102032 seconds
  Import took 0.104627 seconds .

========================================================================
Received Import Request.
  Time since last request: 34.661891 seconds.
  path: Assets/Stylized Stone Texture/Materials/Stylize_Stone.mat
  artifactKey: Guid(883f8208688f4014fb92cde6700c2f8f) Importer(815301076,1909f56bfc062723c751e8b465ee728b)
Start importing Assets/Stylized Stone Texture/Materials/Stylize_Stone.mat using Guid(883f8208688f4014fb92cde6700c2f8f) Importer(815301076,1909f56bfc062723c751e8b465ee728b)  -> (artifact id: 'f42697fc9ebdabc0ec9da9199de4ea8d') in 0.028538 seconds
  Import took 0.030818 seconds .

========================================================================
Received Import Request.
  Time since last request: 9.926352 seconds.
  path: Assets/Stylized Stone Texture/Materials/Stylize_Stone.mat
  artifactKey: Guid(883f8208688f4014fb92cde6700c2f8f) Importer(815301076,1909f56bfc062723c751e8b465ee728b)
Start importing Assets/Stylized Stone Texture/Materials/Stylize_Stone.mat using Guid(883f8208688f4014fb92cde6700c2f8f) Importer(815301076,1909f56bfc062723c751e8b465ee728b)  -> (artifact id: '4407f80c7fc7100b3218fd09ab7ace53') in 0.021618 seconds
  Import took 0.024175 seconds .

========================================================================
Received Import Request.
  Time since last request: 37.153407 seconds.
  path: Assets/Stylized Stone Texture/Materials/Stylize_Stone.mat
  artifactKey: Guid(883f8208688f4014fb92cde6700c2f8f) Importer(815301076,1909f56bfc062723c751e8b465ee728b)
Start importing Assets/Stylized Stone Texture/Materials/Stylize_Stone.mat using Guid(883f8208688f4014fb92cde6700c2f8f) Importer(815301076,1909f56bfc062723c751e8b465ee728b)  -> (artifact id: '3d79cd214d81488f5818b69be76f71e9') in 0.019818 seconds
  Import took 0.022149 seconds .

========================================================================
Received Import Request.
  Time since last request: 113.313038 seconds.
  path: Assets/Materials/HumanMaterial.mat
  artifactKey: Guid(19337817a3bfb7e4f9b34abb6e5f3b39) Importer(815301076,1909f56bfc062723c751e8b465ee728b)
Start importing Assets/Materials/HumanMaterial.mat using Guid(19337817a3bfb7e4f9b34abb6e5f3b39) Importer(815301076,1909f56bfc062723c751e8b465ee728b)  -> (artifact id: '97d9ec682d989a2030cbfe6e4929a360') in 0.011016 seconds
  Import took 0.013722 seconds .

========================================================================
Received Import Request.
  Time since last request: 8.038179 seconds.
  path: Assets/Materials/HumanMaterial.mat
  artifactKey: Guid(19337817a3bfb7e4f9b34abb6e5f3b39) Importer(815301076,1909f56bfc062723c751e8b465ee728b)
Start importing Assets/Materials/HumanMaterial.mat using Guid(19337817a3bfb7e4f9b34abb6e5f3b39) Importer(815301076,1909f56bfc062723c751e8b465ee728b)  -> (artifact id: 'c86eea03866473228386485c32902d91') in 0.008112 seconds
  Import took 0.010450 seconds .

========================================================================
Received Import Request.
  Time since last request: 863.889370 seconds.
  path: Assets/Materials/GroundMat.mat
  artifactKey: Guid(48007f631ecf86d4eabaca3509cc4b0e) Importer(815301076,1909f56bfc062723c751e8b465ee728b)
Start importing Assets/Materials/GroundMat.mat using Guid(48007f631ecf86d4eabaca3509cc4b0e) Importer(815301076,1909f56bfc062723c751e8b465ee728b)  -> (artifact id: '48cc4696578e71ffa74a12bb8fba46d2') in 0.012450 seconds
  Import took 0.015057 seconds .

========================================================================
Received Import Request.
  Time since last request: 41.403581 seconds.
  path: Assets/Materials/GroundMat.mat
  artifactKey: Guid(48007f631ecf86d4eabaca3509cc4b0e) Importer(815301076,1909f56bfc062723c751e8b465ee728b)
Start importing Assets/Materials/GroundMat.mat using Guid(48007f631ecf86d4eabaca3509cc4b0e) Importer(815301076,1909f56bfc062723c751e8b465ee728b)  -> (artifact id: '2d2ca2d1f98e09754396fbf10564d1e0') in 0.012815 seconds
  Import took 0.015945 seconds .

========================================================================
Received Import Request.
  Time since last request: 111.633100 seconds.
  path: Assets/Materials/New Material.mat
  artifactKey: Guid(211f3c17aafcf564193ba7134181b525) Importer(815301076,1909f56bfc062723c751e8b465ee728b)
Start importing Assets/Materials/New Material.mat using Guid(211f3c17aafcf564193ba7134181b525) Importer(815301076,1909f56bfc062723c751e8b465ee728b)  -> (artifact id: 'b3d7acc58039478708e0f3fa88836155') in 0.008864 seconds
  Import took 0.011076 seconds .

========================================================================
Received Import Request.
  Time since last request: 6.561600 seconds.
  path: Assets/Materials/ButtonMat 1.mat
  artifactKey: Guid(211f3c17aafcf564193ba7134181b525) Importer(815301076,1909f56bfc062723c751e8b465ee728b)
Start importing Assets/Materials/ButtonMat 1.mat using Guid(211f3c17aafcf564193ba7134181b525) Importer(815301076,1909f56bfc062723c751e8b465ee728b)  -> (artifact id: 'bad757336af99d284b063b69efb8931f') in 0.016633 seconds
  Import took 0.019202 seconds .

========================================================================
Received Import Request.
  Time since last request: 25.866684 seconds.
  path: Assets/Materials/ButtonMat 1.mat
  artifactKey: Guid(211f3c17aafcf564193ba7134181b525) Importer(815301076,1909f56bfc062723c751e8b465ee728b)
Start importing Assets/Materials/ButtonMat 1.mat using Guid(211f3c17aafcf564193ba7134181b525) Importer(815301076,1909f56bfc062723c751e8b465ee728b)  -> (artifact id: '81c42a074f1bd6a4b4de8006a74f8ec9') in 0.008522 seconds
  Import took 0.011289 seconds .

========================================================================
Received Import Request.
  Time since last request: 0.000266 seconds.
  path: Assets/Materials/ButtonMat 2.mat
  artifactKey: Guid(05afc1f03bbd81d4191380ecb56aed3b) Importer(815301076,1909f56bfc062723c751e8b465ee728b)
Start importing Assets/Materials/ButtonMat 2.mat using Guid(05afc1f03bbd81d4191380ecb56aed3b) Importer(815301076,1909f56bfc062723c751e8b465ee728b)  -> (artifact id: '6e1204800c6a4dd03f40c66383d4cffc') in 0.010504 seconds
  Import took 0.013776 seconds .

========================================================================
Received Import Request.
  Time since last request: 284.982919 seconds.
  path: Assets/Lavabrick/Lavabrick.mat
  artifactKey: Guid(f9ce4b5b272e62e47b0c83a957786c1a) Importer(815301076,1909f56bfc062723c751e8b465ee728b)
Start importing Assets/Lavabrick/Lavabrick.mat using Guid(f9ce4b5b272e62e47b0c83a957786c1a) Importer(815301076,1909f56bfc062723c751e8b465ee728b)  -> (artifact id: '990b53b1f554234b9efb314eb36d082a') in 0.019915 seconds
  Import took 0.023523 seconds .

========================================================================
Received Import Request.
  Time since last request: 0.011188 seconds.
  path: Assets/Lavabrick/Lavabrick.mat
  artifactKey: Guid(f9ce4b5b272e62e47b0c83a957786c1a) Importer(815301076,1909f56bfc062723c751e8b465ee728b)
Start importing Assets/Lavabrick/Lavabrick.mat using Guid(f9ce4b5b272e62e47b0c83a957786c1a) Importer(815301076,1909f56bfc062723c751e8b465ee728b)  -> (artifact id: '990b53b1f554234b9efb314eb36d082a') in 0.026811 seconds
  Import took 0.030119 seconds .

========================================================================
Received Import Request.
  Time since last request: 220.280037 seconds.
  path: Assets/Scripts
  artifactKey: Guid(84ee0792855eaf8439d73b2ec55183d7) Importer(815301076,1909f56bfc062723c751e8b465ee728b)
Start importing Assets/Scripts using Guid(84ee0792855eaf8439d73b2ec55183d7) Importer(815301076,1909f56bfc062723c751e8b465ee728b)  -> (artifact id: '6de631322c2021833abc8d1ead535b60') in 0.002571 seconds
  Import took 0.005242 seconds .

========================================================================
Received Import Request.
  Time since last request: 0.004135 seconds.
  path: Assets/Scripts
  artifactKey: Guid(84ee0792855eaf8439d73b2ec55183d7) Importer(815301076,1909f56bfc062723c751e8b465ee728b)
Start importing Assets/Scripts using Guid(84ee0792855eaf8439d73b2ec55183d7) Importer(815301076,1909f56bfc062723c751e8b465ee728b)  -> (artifact id: '6de631322c2021833abc8d1ead535b60') in 0.002498 seconds
  Import took 0.004700 seconds .

========================================================================
Received Import Request.
  Time since last request: 8.791380 seconds.
  path: Assets/Scripts/LavaMove.cs
  artifactKey: Guid(e1c2c0aaf87f32a45a9b3d631e21eab0) Importer(815301076,1909f56bfc062723c751e8b465ee728b)
Start importing Assets/Scripts/LavaMove.cs using Guid(e1c2c0aaf87f32a45a9b3d631e21eab0) Importer(815301076,1909f56bfc062723c751e8b465ee728b)  -> (artifact id: 'ae638a105c6c09769e86688e56d2f299') in 0.006434 seconds
  Import took 0.008799 seconds .

========================================================================
Received Import Request.
  Time since last request: 0.005844 seconds.
  path: Assets/Scripts/LavaMove.cs
  artifactKey: Guid(e1c2c0aaf87f32a45a9b3d631e21eab0) Importer(815301076,1909f56bfc062723c751e8b465ee728b)
Start importing Assets/Scripts/LavaMove.cs using Guid(e1c2c0aaf87f32a45a9b3d631e21eab0) Importer(815301076,1909f56bfc062723c751e8b465ee728b)  -> (artifact id: 'ae638a105c6c09769e86688e56d2f299') in 0.002340 seconds
  Import took 0.004565 seconds .

========================================================================
Received Prepare
Registering precompiled user dll's ...
Registered in 0.001324 seconds.
Begin MonoManager ReloadAssembly
Native extension for WindowsStandalone target not found
Refreshing native plugins compatible for Editor in 0.26 ms, found 0 plugins.
Preloading 0 native plugins for Editor in 0.00 ms.
Warning: Annotation not found!
UnityEngine.StackTraceUtility:ExtractStackTrace ()
UnityEditor.ProBuilder.EditorUtility:SetGizmoIconEnabled (System.Type,bool) (at Library/PackageCache/com.unity.probuilder@4.4.0/Editor/EditorCore/EditorUtility.cs:593)
UnityEditor.ProBuilder.HierarchyListener:.cctor () (at Library/PackageCache/com.unity.probuilder@4.4.0/Editor/EditorCore/HierarchyListener.cs:21)
System.Runtime.CompilerServices.RuntimeHelpers:RunClassConstructor (System.RuntimeTypeHandle)
UnityEditor.EditorAssemblies:ProcessInitializeOnLoadAttributes (System.Type[])

[Library/PackageCache/com.unity.probuilder@4.4.0/Editor/EditorCore/EditorUtility.cs line 593]

Invoked RoslynAnalysisRunner static constructor.
RoslynAnalysisRunner will not be running.
RoslynAnalysisRunner has terminated.
Mono: successfully reloaded assembly
- Completed reload, in  0.870 seconds
Platform modules already initialized, skipping
Refreshing native plugins compatible for Editor in 0.24 ms, found 0 plugins.
Preloading 0 native plugins for Editor in 0.00 ms.
Unloading 1454 Unused Serialized files (Serialized files now loaded: 0)
System memory in use before: 77.2 MB.
System memory in use after: 75.5 MB.

Unloading 27 unused Assets to reduce memory usage. Loaded Objects now: 1936.
Total: 3.047600 ms (FindLiveObjects: 0.224400 ms CreateObjectMapping: 0.099400 ms MarkObjects: 1.537600 ms  DeleteObjects: 1.185100 ms)

========================================================================
Received Import Request.
  Time since last request: 14.457396 seconds.
  path: Assets/Scripts/ButtonUI.cs
  artifactKey: Guid(9663037f8c25616408c41e2b89e2e25e) Importer(815301076,1909f56bfc062723c751e8b465ee728b)
Start importing Assets/Scripts/ButtonUI.cs using Guid(9663037f8c25616408c41e2b89e2e25e) Importer(815301076,1909f56bfc062723c751e8b465ee728b)  -> (artifact id: '380e768b36be783ff0a803d88b908030') in 0.004982 seconds
  Import took 0.007248 seconds .

========================================================================
Received Import Request.
  Time since last request: 0.000496 seconds.
  path: Assets/Scripts/ButtonUI.cs
  artifactKey: Guid(9663037f8c25616408c41e2b89e2e25e) Importer(815301076,1909f56bfc062723c751e8b465ee728b)
Start importing Assets/Scripts/ButtonUI.cs using Guid(9663037f8c25616408c41e2b89e2e25e) Importer(815301076,1909f56bfc062723c751e8b465ee728b)  -> (artifact id: '380e768b36be783ff0a803d88b908030') in 0.003178 seconds
  Import took 0.006387 seconds .

========================================================================
Received Prepare
Registering precompiled user dll's ...
Registered in 0.001384 seconds.
Begin MonoManager ReloadAssembly
Native extension for WindowsStandalone target not found
Refreshing native plugins compatible for Editor in 0.37 ms, found 0 plugins.
Preloading 0 native plugins for Editor in 0.00 ms.
Warning: Annotation not found!
UnityEngine.StackTraceUtility:ExtractStackTrace ()
UnityEditor.ProBuilder.EditorUtility:SetGizmoIconEnabled (System.Type,bool) (at Library/PackageCache/com.unity.probuilder@4.4.0/Editor/EditorCore/EditorUtility.cs:593)
UnityEditor.ProBuilder.HierarchyListener:.cctor () (at Library/PackageCache/com.unity.probuilder@4.4.0/Editor/EditorCore/HierarchyListener.cs:21)
System.Runtime.CompilerServices.RuntimeHelpers:RunClassConstructor (System.RuntimeTypeHandle)
UnityEditor.EditorAssemblies:ProcessInitializeOnLoadAttributes (System.Type[])

[Library/PackageCache/com.unity.probuilder@4.4.0/Editor/EditorCore/EditorUtility.cs line 593]

Invoked RoslynAnalysisRunner static constructor.
RoslynAnalysisRunner will not be running.
RoslynAnalysisRunner has terminated.
Mono: successfully reloaded assembly
- Completed reload, in  0.913 seconds
Platform modules already initialized, skipping
Refreshing native plugins compatible for Editor in 0.25 ms, found 0 plugins.
Preloading 0 native plugins for Editor in 0.00 ms.
Unloading 1455 Unused Serialized files (Serialized files now loaded: 0)
System memory in use before: 77.6 MB.
System memory in use after: 75.8 MB.

Unloading 27 unused Assets to reduce memory usage. Loaded Objects now: 1939.
Total: 3.559300 ms (FindLiveObjects: 0.147800 ms CreateObjectMapping: 0.049200 ms MarkObjects: 2.052300 ms  DeleteObjects: 1.308900 ms)

========================================================================
Received Prepare
Registering precompiled user dll's ...
Registered in 0.001373 seconds.
Begin MonoManager ReloadAssembly
Native extension for WindowsStandalone target not found
Refreshing native plugins compatible for Editor in 0.24 ms, found 0 plugins.
Preloading 0 native plugins for Editor in 0.00 ms.
Warning: Annotation not found!
UnityEngine.StackTraceUtility:ExtractStackTrace ()
UnityEditor.ProBuilder.EditorUtility:SetGizmoIconEnabled (System.Type,bool) (at Library/PackageCache/com.unity.probuilder@4.4.0/Editor/EditorCore/EditorUtility.cs:593)
UnityEditor.ProBuilder.HierarchyListener:.cctor () (at Library/PackageCache/com.unity.probuilder@4.4.0/Editor/EditorCore/HierarchyListener.cs:21)
System.Runtime.CompilerServices.RuntimeHelpers:RunClassConstructor (System.RuntimeTypeHandle)
UnityEditor.EditorAssemblies:ProcessInitializeOnLoadAttributes (System.Type[])

[Library/PackageCache/com.unity.probuilder@4.4.0/Editor/EditorCore/EditorUtility.cs line 593]

Invoked RoslynAnalysisRunner static constructor.
RoslynAnalysisRunner will not be running.
RoslynAnalysisRunner has terminated.
Mono: successfully reloaded assembly
- Completed reload, in  0.892 seconds
Platform modules already initialized, skipping
Refreshing native plugins compatible for Editor in 0.25 ms, found 0 plugins.
Preloading 0 native plugins for Editor in 0.00 ms.
Unloading 1455 Unused Serialized files (Serialized files now loaded: 0)
System memory in use before: 77.6 MB.
System memory in use after: 75.9 MB.

Unloading 27 unused Assets to reduce memory usage. Loaded Objects now: 1941.
Total: 4.832000 ms (FindLiveObjects: 0.195500 ms CreateObjectMapping: 0.045800 ms MarkObjects: 2.649800 ms  DeleteObjects: 1.939200 ms)

========================================================================
Received Prepare
Registering precompiled user dll's ...
Registered in 0.001302 seconds.
Begin MonoManager ReloadAssembly
Native extension for WindowsStandalone target not found
Refreshing native plugins compatible for Editor in 0.24 ms, found 0 plugins.
Preloading 0 native plugins for Editor in 0.00 ms.
Warning: Annotation not found!
UnityEngine.StackTraceUtility:ExtractStackTrace ()
UnityEditor.ProBuilder.EditorUtility:SetGizmoIconEnabled (System.Type,bool) (at Library/PackageCache/com.unity.probuilder@4.4.0/Editor/EditorCore/EditorUtility.cs:593)
UnityEditor.ProBuilder.HierarchyListener:.cctor () (at Library/PackageCache/com.unity.probuilder@4.4.0/Editor/EditorCore/HierarchyListener.cs:21)
System.Runtime.CompilerServices.RuntimeHelpers:RunClassConstructor (System.RuntimeTypeHandle)
UnityEditor.EditorAssemblies:ProcessInitializeOnLoadAttributes (System.Type[])

[Library/PackageCache/com.unity.probuilder@4.4.0/Editor/EditorCore/EditorUtility.cs line 593]

Invoked RoslynAnalysisRunner static constructor.
RoslynAnalysisRunner will not be running.
RoslynAnalysisRunner has terminated.
Mono: successfully reloaded assembly
- Completed reload, in  0.965 seconds
Platform modules already initialized, skipping
Refreshing native plugins compatible for Editor in 0.24 ms, found 0 plugins.
Preloading 0 native plugins for Editor in 0.00 ms.
Unloading 1455 Unused Serialized files (Serialized files now loaded: 0)
System memory in use before: 77.9 MB.
System memory in use after: 76.1 MB.

Unloading 27 unused Assets to reduce memory usage. Loaded Objects now: 1943.
Total: 3.415200 ms (FindLiveObjects: 0.169800 ms CreateObjectMapping: 0.051600 ms MarkObjects: 1.803400 ms  DeleteObjects: 1.389400 ms)

========================================================================
Received Prepare
Registering precompiled user dll's ...
Registered in 0.001154 seconds.
Begin MonoManager ReloadAssembly
Native extension for WindowsStandalone target not found
Refreshing native plugins compatible for Editor in 0.26 ms, found 0 plugins.
Preloading 0 native plugins for Editor in 0.00 ms.
Warning: Annotation not found!
UnityEngine.StackTraceUtility:ExtractStackTrace ()
UnityEditor.ProBuilder.EditorUtility:SetGizmoIconEnabled (System.Type,bool) (at Library/PackageCache/com.unity.probuilder@4.4.0/Editor/EditorCore/EditorUtility.cs:593)
UnityEditor.ProBuilder.HierarchyListener:.cctor () (at Library/PackageCache/com.unity.probuilder@4.4.0/Editor/EditorCore/HierarchyListener.cs:21)
System.Runtime.CompilerServices.RuntimeHelpers:RunClassConstructor (System.RuntimeTypeHandle)
UnityEditor.EditorAssemblies:ProcessInitializeOnLoadAttributes (System.Type[])

[Library/PackageCache/com.unity.probuilder@4.4.0/Editor/EditorCore/EditorUtility.cs line 593]

Invoked RoslynAnalysisRunner static constructor.
RoslynAnalysisRunner will not be running.
RoslynAnalysisRunner has terminated.
Mono: successfully reloaded assembly
- Completed reload, in  0.889 seconds
Platform modules already initialized, skipping
Refreshing native plugins compatible for Editor in 0.24 ms, found 0 plugins.
Preloading 0 native plugins for Editor in 0.00 ms.
Unloading 1455 Unused Serialized files (Serialized files now loaded: 0)
System memory in use before: 77.9 MB.
System memory in use after: 76.2 MB.

Unloading 27 unused Assets to reduce memory usage. Loaded Objects now: 1945.
Total: 4.262200 ms (FindLiveObjects: 0.258700 ms CreateObjectMapping: 0.063400 ms MarkObjects: 1.924300 ms  DeleteObjects: 2.014500 ms)

========================================================================
Received Prepare
Registering precompiled user dll's ...
Registered in 0.001014 seconds.
Begin MonoManager ReloadAssembly
Native extension for WindowsStandalone target not found
Refreshing native plugins compatible for Editor in 0.25 ms, found 0 plugins.
Preloading 0 native plugins for Editor in 0.00 ms.
Warning: Annotation not found!
UnityEngine.StackTraceUtility:ExtractStackTrace ()
UnityEditor.ProBuilder.EditorUtility:SetGizmoIconEnabled (System.Type,bool) (at Library/PackageCache/com.unity.probuilder@4.4.0/Editor/EditorCore/EditorUtility.cs:593)
UnityEditor.ProBuilder.HierarchyListener:.cctor () (at Library/PackageCache/com.unity.probuilder@4.4.0/Editor/EditorCore/HierarchyListener.cs:21)
System.Runtime.CompilerServices.RuntimeHelpers:RunClassConstructor (System.RuntimeTypeHandle)
UnityEditor.EditorAssemblies:ProcessInitializeOnLoadAttributes (System.Type[])

[Library/PackageCache/com.unity.probuilder@4.4.0/Editor/EditorCore/EditorUtility.cs line 593]

Invoked RoslynAnalysisRunner static constructor.
RoslynAnalysisRunner will not be running.
RoslynAnalysisRunner has terminated.
Mono: successfully reloaded assembly
- Completed reload, in  0.908 seconds
Platform modules already initialized, skipping
Refreshing native plugins compatible for Editor in 0.24 ms, found 0 plugins.
Preloading 0 native plugins for Editor in 0.00 ms.
Unloading 1455 Unused Serialized files (Serialized files now loaded: 0)
System memory in use before: 78.3 MB.
System memory in use after: 76.5 MB.

Unloading 27 unused Assets to reduce memory usage. Loaded Objects now: 1947.
Total: 4.893000 ms (FindLiveObjects: 0.155400 ms CreateObjectMapping: 0.048300 ms MarkObjects: 2.491500 ms  DeleteObjects: 2.196600 ms)

========================================================================
Received Prepare
Registering precompiled user dll's ...
Registered in 0.001021 seconds.
Begin MonoManager ReloadAssembly
Native extension for WindowsStandalone target not found
Refreshing native plugins compatible for Editor in 0.42 ms, found 0 plugins.
Preloading 0 native plugins for Editor in 0.00 ms.
Warning: Annotation not found!
UnityEngine.StackTraceUtility:ExtractStackTrace ()
UnityEditor.ProBuilder.EditorUtility:SetGizmoIconEnabled (System.Type,bool) (at Library/PackageCache/com.unity.probuilder@4.4.0/Editor/EditorCore/EditorUtility.cs:593)
UnityEditor.ProBuilder.HierarchyListener:.cctor () (at Library/PackageCache/com.unity.probuilder@4.4.0/Editor/EditorCore/HierarchyListener.cs:21)
System.Runtime.CompilerServices.RuntimeHelpers:RunClassConstructor (System.RuntimeTypeHandle)
UnityEditor.EditorAssemblies:ProcessInitializeOnLoadAttributes (System.Type[])

[Library/PackageCache/com.unity.probuilder@4.4.0/Editor/EditorCore/EditorUtility.cs line 593]

Invoked RoslynAnalysisRunner static constructor.
RoslynAnalysisRunner will not be running.
RoslynAnalysisRunner has terminated.
Mono: successfully reloaded assembly
- Completed reload, in  0.928 seconds
Platform modules already initialized, skipping
Refreshing native plugins compatible for Editor in 0.23 ms, found 0 plugins.
Preloading 0 native plugins for Editor in 0.00 ms.
Unloading 1455 Unused Serialized files (Serialized files now loaded: 0)
System memory in use before: 78.4 MB.
System memory in use after: 76.7 MB.

Unloading 27 unused Assets to reduce memory usage. Loaded Objects now: 1949.
Total: 3.505900 ms (FindLiveObjects: 0.206800 ms CreateObjectMapping: 0.090800 ms MarkObjects: 1.805600 ms  DeleteObjects: 1.401800 ms)

========================================================================
Received Prepare
Registering precompiled user dll's ...
Registered in 0.001123 seconds.
Begin MonoManager ReloadAssembly
Native extension for WindowsStandalone target not found
Refreshing native plugins compatible for Editor in 0.25 ms, found 0 plugins.
Preloading 0 native plugins for Editor in 0.00 ms.
Warning: Annotation not found!
UnityEngine.StackTraceUtility:ExtractStackTrace ()
UnityEditor.ProBuilder.EditorUtility:SetGizmoIconEnabled (System.Type,bool) (at Library/PackageCache/com.unity.probuilder@4.4.0/Editor/EditorCore/EditorUtility.cs:593)
UnityEditor.ProBuilder.HierarchyListener:.cctor () (at Library/PackageCache/com.unity.probuilder@4.4.0/Editor/EditorCore/HierarchyListener.cs:21)
System.Runtime.CompilerServices.RuntimeHelpers:RunClassConstructor (System.RuntimeTypeHandle)
UnityEditor.EditorAssemblies:ProcessInitializeOnLoadAttributes (System.Type[])

[Library/PackageCache/com.unity.probuilder@4.4.0/Editor/EditorCore/EditorUtility.cs line 593]

Invoked RoslynAnalysisRunner static constructor.
RoslynAnalysisRunner will not be running.
RoslynAnalysisRunner has terminated.
Mono: successfully reloaded assembly
- Completed reload, in  0.907 seconds
Platform modules already initialized, skipping
Refreshing native plugins compatible for Editor in 0.28 ms, found 0 plugins.
Preloading 0 native plugins for Editor in 0.00 ms.
Unloading 1455 Unused Serialized files (Serialized files now loaded: 0)
System memory in use before: 78.6 MB.
System memory in use after: 76.9 MB.

Unloading 27 unused Assets to reduce memory usage. Loaded Objects now: 1951.
Total: 3.766700 ms (FindLiveObjects: 0.417700 ms CreateObjectMapping: 0.076000 ms MarkObjects: 1.754100 ms  DeleteObjects: 1.518000 ms)

========================================================================
Received Prepare
Registering precompiled user dll's ...
Registered in 0.001000 seconds.
Begin MonoManager ReloadAssembly
Native extension for WindowsStandalone target not found
Refreshing native plugins compatible for Editor in 0.24 ms, found 0 plugins.
Preloading 0 native plugins for Editor in 0.00 ms.
Warning: Annotation not found!
UnityEngine.StackTraceUtility:ExtractStackTrace ()
UnityEditor.ProBuilder.EditorUtility:SetGizmoIconEnabled (System.Type,bool) (at Library/PackageCache/com.unity.probuilder@4.4.0/Editor/EditorCore/EditorUtility.cs:593)
UnityEditor.ProBuilder.HierarchyListener:.cctor () (at Library/PackageCache/com.unity.probuilder@4.4.0/Editor/EditorCore/HierarchyListener.cs:21)
System.Runtime.CompilerServices.RuntimeHelpers:RunClassConstructor (System.RuntimeTypeHandle)
UnityEditor.EditorAssemblies:ProcessInitializeOnLoadAttributes (System.Type[])

[Library/PackageCache/com.unity.probuilder@4.4.0/Editor/EditorCore/EditorUtility.cs line 593]

Invoked RoslynAnalysisRunner static constructor.
RoslynAnalysisRunner will not be running.
RoslynAnalysisRunner has terminated.
Mono: successfully reloaded assembly
- Completed reload, in  0.879 seconds
Platform modules already initialized, skipping
Refreshing native plugins compatible for Editor in 0.24 ms, found 0 plugins.
Preloading 0 native plugins for Editor in 0.00 ms.
Unloading 1455 Unused Serialized files (Serialized files now loaded: 0)
System memory in use before: 78.8 MB.
System memory in use after: 77.0 MB.

Unloading 27 unused Assets to reduce memory usage. Loaded Objects now: 1953.
Total: 5.637900 ms (FindLiveObjects: 0.267000 ms CreateObjectMapping: 0.088500 ms MarkObjects: 2.947200 ms  DeleteObjects: 2.332300 ms)

========================================================================
Received Prepare
Registering precompiled user dll's ...
Registered in 0.001038 seconds.
Begin MonoManager ReloadAssembly
Native extension for WindowsStandalone target not found
Refreshing native plugins compatible for Editor in 0.27 ms, found 0 plugins.
Preloading 0 native plugins for Editor in 0.00 ms.
Warning: Annotation not found!
UnityEngine.StackTraceUtility:ExtractStackTrace ()
UnityEditor.ProBuilder.EditorUtility:SetGizmoIconEnabled (System.Type,bool) (at Library/PackageCache/com.unity.probuilder@4.4.0/Editor/EditorCore/EditorUtility.cs:593)
UnityEditor.ProBuilder.HierarchyListener:.cctor () (at Library/PackageCache/com.unity.probuilder@4.4.0/Editor/EditorCore/HierarchyListener.cs:21)
System.Runtime.CompilerServices.RuntimeHelpers:RunClassConstructor (System.RuntimeTypeHandle)
UnityEditor.EditorAssemblies:ProcessInitializeOnLoadAttributes (System.Type[])

[Library/PackageCache/com.unity.probuilder@4.4.0/Editor/EditorCore/EditorUtility.cs line 593]

Invoked RoslynAnalysisRunner static constructor.
RoslynAnalysisRunner will not be running.
RoslynAnalysisRunner has terminated.
Mono: successfully reloaded assembly
- Completed reload, in  0.879 seconds
Platform modules already initialized, skipping
Refreshing native plugins compatible for Editor in 0.42 ms, found 0 plugins.
Preloading 0 native plugins for Editor in 0.00 ms.
Unloading 1455 Unused Serialized files (Serialized files now loaded: 0)
System memory in use before: 79.0 MB.
System memory in use after: 77.3 MB.

Unloading 27 unused Assets to reduce memory usage. Loaded Objects now: 1955.
Total: 4.138000 ms (FindLiveObjects: 0.352000 ms CreateObjectMapping: 0.096200 ms MarkObjects: 2.031000 ms  DeleteObjects: 1.655800 ms)

========================================================================
Received Prepare
Registering precompiled user dll's ...
Registered in 0.001161 seconds.
Begin MonoManager ReloadAssembly
Native extension for WindowsStandalone target not found
Refreshing native plugins compatible for Editor in 0.25 ms, found 0 plugins.
Preloading 0 native plugins for Editor in 0.00 ms.
Warning: Annotation not found!
UnityEngine.StackTraceUtility:ExtractStackTrace ()
UnityEditor.ProBuilder.EditorUtility:SetGizmoIconEnabled (System.Type,bool) (at Library/PackageCache/com.unity.probuilder@4.4.0/Editor/EditorCore/EditorUtility.cs:593)
UnityEditor.ProBuilder.HierarchyListener:.cctor () (at Library/PackageCache/com.unity.probuilder@4.4.0/Editor/EditorCore/HierarchyListener.cs:21)
System.Runtime.CompilerServices.RuntimeHelpers:RunClassConstructor (System.RuntimeTypeHandle)
UnityEditor.EditorAssemblies:ProcessInitializeOnLoadAttributes (System.Type[])

[Library/PackageCache/com.unity.probuilder@4.4.0/Editor/EditorCore/EditorUtility.cs line 593]

Invoked RoslynAnalysisRunner static constructor.
RoslynAnalysisRunner will not be running.
RoslynAnalysisRunner has terminated.
Mono: successfully reloaded assembly
- Completed reload, in  0.906 seconds
Platform modules already initialized, skipping
Refreshing native plugins compatible for Editor in 0.24 ms, found 0 plugins.
Preloading 0 native plugins for Editor in 0.00 ms.
Unloading 1455 Unused Serialized files (Serialized files now loaded: 0)
System memory in use before: 78.1 MB.
System memory in use after: 76.4 MB.

Unloading 27 unused Assets to reduce memory usage. Loaded Objects now: 1957.
Total: 5.634700 ms (FindLiveObjects: 0.379700 ms CreateObjectMapping: 0.115600 ms MarkObjects: 2.845700 ms  DeleteObjects: 2.291800 ms)

========================================================================
Received Prepare
Registering precompiled user dll's ...
Registered in 0.001004 seconds.
Begin MonoManager ReloadAssembly
Native extension for WindowsStandalone target not found
Refreshing native plugins compatible for Editor in 0.24 ms, found 0 plugins.
Preloading 0 native plugins for Editor in 0.00 ms.
Warning: Annotation not found!
UnityEngine.StackTraceUtility:ExtractStackTrace ()
UnityEditor.ProBuilder.EditorUtility:SetGizmoIconEnabled (System.Type,bool) (at Library/PackageCache/com.unity.probuilder@4.4.0/Editor/EditorCore/EditorUtility.cs:593)
UnityEditor.ProBuilder.HierarchyListener:.cctor () (at Library/PackageCache/com.unity.probuilder@4.4.0/Editor/EditorCore/HierarchyListener.cs:21)
System.Runtime.CompilerServices.RuntimeHelpers:RunClassConstructor (System.RuntimeTypeHandle)
UnityEditor.EditorAssemblies:ProcessInitializeOnLoadAttributes (System.Type[])

[Library/PackageCache/com.unity.probuilder@4.4.0/Editor/EditorCore/EditorUtility.cs line 593]

Invoked RoslynAnalysisRunner static constructor.
RoslynAnalysisRunner will not be running.
RoslynAnalysisRunner has terminated.
Mono: successfully reloaded assembly
- Completed reload, in  0.908 seconds
Platform modules already initialized, skipping
Refreshing native plugins compatible for Editor in 0.23 ms, found 0 plugins.
Preloading 0 native plugins for Editor in 0.00 ms.
Unloading 1455 Unused Serialized files (Serialized files now loaded: 0)
System memory in use before: 78.3 MB.
System memory in use after: 76.6 MB.

Unloading 27 unused Assets to reduce memory usage. Loaded Objects now: 1959.
Total: 3.480500 ms (FindLiveObjects: 0.247700 ms CreateObjectMapping: 0.049000 ms MarkObjects: 1.824500 ms  DeleteObjects: 1.358300 ms)

========================================================================
Received Prepare
Registering precompiled user dll's ...
Registered in 0.001001 seconds.
Begin MonoManager ReloadAssembly
Native extension for WindowsStandalone target not found
Refreshing native plugins compatible for Editor in 0.25 ms, found 0 plugins.
Preloading 0 native plugins for Editor in 0.00 ms.
Warning: Annotation not found!
UnityEngine.StackTraceUtility:ExtractStackTrace ()
UnityEditor.ProBuilder.EditorUtility:SetGizmoIconEnabled (System.Type,bool) (at Library/PackageCache/com.unity.probuilder@4.4.0/Editor/EditorCore/EditorUtility.cs:593)
UnityEditor.ProBuilder.HierarchyListener:.cctor () (at Library/PackageCache/com.unity.probuilder@4.4.0/Editor/EditorCore/HierarchyListener.cs:21)
System.Runtime.CompilerServices.RuntimeHelpers:RunClassConstructor (System.RuntimeTypeHandle)
UnityEditor.EditorAssemblies:ProcessInitializeOnLoadAttributes (System.Type[])

[Library/PackageCache/com.unity.probuilder@4.4.0/Editor/EditorCore/EditorUtility.cs line 593]

Invoked RoslynAnalysisRunner static constructor.
RoslynAnalysisRunner will not be running.
RoslynAnalysisRunner has terminated.
Mono: successfully reloaded assembly
- Completed reload, in  0.896 seconds
Platform modules already initialized, skipping
Refreshing native plugins compatible for Editor in 0.24 ms, found 0 plugins.
Preloading 0 native plugins for Editor in 0.00 ms.
Unloading 1455 Unused Serialized files (Serialized files now loaded: 0)
System memory in use before: 78.6 MB.
System memory in use after: 76.8 MB.

Unloading 27 unused Assets to reduce memory usage. Loaded Objects now: 1961.
Total: 3.387400 ms (FindLiveObjects: 0.269100 ms CreateObjectMapping: 0.115500 ms MarkObjects: 1.592200 ms  DeleteObjects: 1.409700 ms)

========================================================================
Received Prepare
Registering precompiled user dll's ...
Registered in 0.000998 seconds.
Begin MonoManager ReloadAssembly
Native extension for WindowsStandalone target not found
Refreshing native plugins compatible for Editor in 0.24 ms, found 0 plugins.
Preloading 0 native plugins for Editor in 0.00 ms.
Warning: Annotation not found!
UnityEngine.StackTraceUtility:ExtractStackTrace ()
UnityEditor.ProBuilder.EditorUtility:SetGizmoIconEnabled (System.Type,bool) (at Library/PackageCache/com.unity.probuilder@4.4.0/Editor/EditorCore/EditorUtility.cs:593)
UnityEditor.ProBuilder.HierarchyListener:.cctor () (at Library/PackageCache/com.unity.probuilder@4.4.0/Editor/EditorCore/HierarchyListener.cs:21)
System.Runtime.CompilerServices.RuntimeHelpers:RunClassConstructor (System.RuntimeTypeHandle)
UnityEditor.EditorAssemblies:ProcessInitializeOnLoadAttributes (System.Type[])

[Library/PackageCache/com.unity.probuilder@4.4.0/Editor/EditorCore/EditorUtility.cs line 593]

Invoked RoslynAnalysisRunner static constructor.
RoslynAnalysisRunner will not be running.
RoslynAnalysisRunner has terminated.
Mono: successfully reloaded assembly
- Completed reload, in  0.868 seconds
Platform modules already initialized, skipping
Refreshing native plugins compatible for Editor in 0.28 ms, found 0 plugins.
Preloading 0 native plugins for Editor in 0.00 ms.
Unloading 1455 Unused Serialized files (Serialized files now loaded: 0)
System memory in use before: 78.7 MB.
System memory in use after: 77.0 MB.

Unloading 27 unused Assets to reduce memory usage. Loaded Objects now: 1963.
Total: 3.684300 ms (FindLiveObjects: 0.182900 ms CreateObjectMapping: 0.047900 ms MarkObjects: 2.034400 ms  DeleteObjects: 1.417900 ms)

========================================================================
Received Prepare
Registering precompiled user dll's ...
Registered in 0.001117 seconds.
Begin MonoManager ReloadAssembly
Native extension for WindowsStandalone target not found
Refreshing native plugins compatible for Editor in 0.24 ms, found 0 plugins.
Preloading 0 native plugins for Editor in 0.00 ms.
Warning: Annotation not found!
UnityEngine.StackTraceUtility:ExtractStackTrace ()
UnityEditor.ProBuilder.EditorUtility:SetGizmoIconEnabled (System.Type,bool) (at Library/PackageCache/com.unity.probuilder@4.4.0/Editor/EditorCore/EditorUtility.cs:593)
UnityEditor.ProBuilder.HierarchyListener:.cctor () (at Library/PackageCache/com.unity.probuilder@4.4.0/Editor/EditorCore/HierarchyListener.cs:21)
System.Runtime.CompilerServices.RuntimeHelpers:RunClassConstructor (System.RuntimeTypeHandle)
UnityEditor.EditorAssemblies:ProcessInitializeOnLoadAttributes (System.Type[])

[Library/PackageCache/com.unity.probuilder@4.4.0/Editor/EditorCore/EditorUtility.cs line 593]

Invoked RoslynAnalysisRunner static constructor.
RoslynAnalysisRunner will not be running.
RoslynAnalysisRunner has terminated.
Mono: successfully reloaded assembly
- Completed reload, in  0.912 seconds
Platform modules already initialized, skipping
Refreshing native plugins compatible for Editor in 0.41 ms, found 0 plugins.
Preloading 0 native plugins for Editor in 0.00 ms.
Unloading 1455 Unused Serialized files (Serialized files now loaded: 0)
System memory in use before: 78.8 MB.
System memory in use after: 77.1 MB.

Unloading 27 unused Assets to reduce memory usage. Loaded Objects now: 1965.
Total: 4.830400 ms (FindLiveObjects: 0.254000 ms CreateObjectMapping: 0.067400 ms MarkObjects: 2.323200 ms  DeleteObjects: 2.184400 ms)

========================================================================
Received Prepare
Registering precompiled user dll's ...
Registered in 0.001024 seconds.
Begin MonoManager ReloadAssembly
Native extension for WindowsStandalone target not found
Refreshing native plugins compatible for Editor in 0.25 ms, found 0 plugins.
Preloading 0 native plugins for Editor in 0.00 ms.
Warning: Annotation not found!
UnityEngine.StackTraceUtility:ExtractStackTrace ()
UnityEditor.ProBuilder.EditorUtility:SetGizmoIconEnabled (System.Type,bool) (at Library/PackageCache/com.unity.probuilder@4.4.0/Editor/EditorCore/EditorUtility.cs:593)
UnityEditor.ProBuilder.HierarchyListener:.cctor () (at Library/PackageCache/com.unity.probuilder@4.4.0/Editor/EditorCore/HierarchyListener.cs:21)
System.Runtime.CompilerServices.RuntimeHelpers:RunClassConstructor (System.RuntimeTypeHandle)
UnityEditor.EditorAssemblies:ProcessInitializeOnLoadAttributes (System.Type[])

[Library/PackageCache/com.unity.probuilder@4.4.0/Editor/EditorCore/EditorUtility.cs line 593]

Invoked RoslynAnalysisRunner static constructor.
RoslynAnalysisRunner will not be running.
RoslynAnalysisRunner has terminated.
Mono: successfully reloaded assembly
- Completed reload, in  0.925 seconds
Platform modules already initialized, skipping
Refreshing native plugins compatible for Editor in 0.41 ms, found 0 plugins.
Preloading 0 native plugins for Editor in 0.00 ms.
Unloading 1455 Unused Serialized files (Serialized files now loaded: 0)
System memory in use before: 79.0 MB.
System memory in use after: 77.3 MB.

Unloading 27 unused Assets to reduce memory usage. Loaded Objects now: 1967.
Total: 3.346500 ms (FindLiveObjects: 0.146000 ms CreateObjectMapping: 0.046500 ms MarkObjects: 1.774000 ms  DeleteObjects: 1.379100 ms)

========================================================================
Received Prepare
Registering precompiled user dll's ...
Registered in 0.001347 seconds.
Begin MonoManager ReloadAssembly
Native extension for WindowsStandalone target not found
Refreshing native plugins compatible for Editor in 0.37 ms, found 0 plugins.
Preloading 0 native plugins for Editor in 0.00 ms.
Warning: Annotation not found!
UnityEngine.StackTraceUtility:ExtractStackTrace ()
UnityEditor.ProBuilder.EditorUtility:SetGizmoIconEnabled (System.Type,bool) (at Library/PackageCache/com.unity.probuilder@4.4.0/Editor/EditorCore/EditorUtility.cs:593)
UnityEditor.ProBuilder.HierarchyListener:.cctor () (at Library/PackageCache/com.unity.probuilder@4.4.0/Editor/EditorCore/HierarchyListener.cs:21)
System.Runtime.CompilerServices.RuntimeHelpers:RunClassConstructor (System.RuntimeTypeHandle)
UnityEditor.EditorAssemblies:ProcessInitializeOnLoadAttributes (System.Type[])

[Library/PackageCache/com.unity.probuilder@4.4.0/Editor/EditorCore/EditorUtility.cs line 593]

Invoked RoslynAnalysisRunner static constructor.
RoslynAnalysisRunner will not be running.
RoslynAnalysisRunner has terminated.
Mono: successfully reloaded assembly
- Completed reload, in  0.962 seconds
Platform modules already initialized, skipping
Refreshing native plugins compatible for Editor in 0.24 ms, found 0 plugins.
Preloading 0 native plugins for Editor in 0.00 ms.
Unloading 1455 Unused Serialized files (Serialized files now loaded: 0)
System memory in use before: 78.2 MB.
System memory in use after: 76.5 MB.

Unloading 27 unused Assets to reduce memory usage. Loaded Objects now: 1969.
Total: 3.890600 ms (FindLiveObjects: 0.247700 ms CreateObjectMapping: 0.095800 ms MarkObjects: 2.085400 ms  DeleteObjects: 1.460500 ms)

========================================================================
Received Prepare
Registering precompiled user dll's ...
Registered in 0.001509 seconds.
Begin MonoManager ReloadAssembly
Native extension for WindowsStandalone target not found
Refreshing native plugins compatible for Editor in 0.23 ms, found 0 plugins.
Preloading 0 native plugins for Editor in 0.00 ms.
Warning: Annotation not found!
UnityEngine.StackTraceUtility:ExtractStackTrace ()
UnityEditor.ProBuilder.EditorUtility:SetGizmoIconEnabled (System.Type,bool) (at Library/PackageCache/com.unity.probuilder@4.4.0/Editor/EditorCore/EditorUtility.cs:593)
UnityEditor.ProBuilder.HierarchyListener:.cctor () (at Library/PackageCache/com.unity.probuilder@4.4.0/Editor/EditorCore/HierarchyListener.cs:21)
System.Runtime.CompilerServices.RuntimeHelpers:RunClassConstructor (System.RuntimeTypeHandle)
UnityEditor.EditorAssemblies:ProcessInitializeOnLoadAttributes (System.Type[])

[Library/PackageCache/com.unity.probuilder@4.4.0/Editor/EditorCore/EditorUtility.cs line 593]

Invoked RoslynAnalysisRunner static constructor.
RoslynAnalysisRunner will not be running.
RoslynAnalysisRunner has terminated.
Mono: successfully reloaded assembly
- Completed reload, in  1.013 seconds
Platform modules already initialized, skipping
Refreshing native plugins compatible for Editor in 0.24 ms, found 0 plugins.
Preloading 0 native plugins for Editor in 0.00 ms.
Unloading 1455 Unused Serialized files (Serialized files now loaded: 0)
System memory in use before: 78.4 MB.
System memory in use after: 76.7 MB.

Unloading 27 unused Assets to reduce memory usage. Loaded Objects now: 1971.
Total: 3.250000 ms (FindLiveObjects: 0.184400 ms CreateObjectMapping: 0.047000 ms MarkObjects: 1.663900 ms  DeleteObjects: 1.353100 ms)

========================================================================
Received Prepare
Registering precompiled user dll's ...
Registered in 0.001072 seconds.
Begin MonoManager ReloadAssembly
Native extension for WindowsStandalone target not found
Refreshing native plugins compatible for Editor in 0.24 ms, found 0 plugins.
Preloading 0 native plugins for Editor in 0.00 ms.
Warning: Annotation not found!
UnityEngine.StackTraceUtility:ExtractStackTrace ()
UnityEditor.ProBuilder.EditorUtility:SetGizmoIconEnabled (System.Type,bool) (at Library/PackageCache/com.unity.probuilder@4.4.0/Editor/EditorCore/EditorUtility.cs:593)
UnityEditor.ProBuilder.HierarchyListener:.cctor () (at Library/PackageCache/com.unity.probuilder@4.4.0/Editor/EditorCore/HierarchyListener.cs:21)
System.Runtime.CompilerServices.RuntimeHelpers:RunClassConstructor (System.RuntimeTypeHandle)
UnityEditor.EditorAssemblies:ProcessInitializeOnLoadAttributes (System.Type[])

[Library/PackageCache/com.unity.probuilder@4.4.0/Editor/EditorCore/EditorUtility.cs line 593]

Invoked RoslynAnalysisRunner static constructor.
RoslynAnalysisRunner will not be running.
RoslynAnalysisRunner has terminated.
Mono: successfully reloaded assembly
- Completed reload, in  0.883 seconds
Platform modules already initialized, skipping
Refreshing native plugins compatible for Editor in 0.23 ms, found 0 plugins.
Preloading 0 native plugins for Editor in 0.00 ms.
Unloading 1455 Unused Serialized files (Serialized files now loaded: 0)
System memory in use before: 78.6 MB.
System memory in use after: 76.9 MB.

Unloading 27 unused Assets to reduce memory usage. Loaded Objects now: 1973.
Total: 3.352300 ms (FindLiveObjects: 0.250100 ms CreateObjectMapping: 0.086800 ms MarkObjects: 1.629300 ms  DeleteObjects: 1.384700 ms)

========================================================================
Received Prepare
Registering precompiled user dll's ...
Registered in 0.000977 seconds.
Begin MonoManager ReloadAssembly
Native extension for WindowsStandalone target not found
Refreshing native plugins compatible for Editor in 0.25 ms, found 0 plugins.
Preloading 0 native plugins for Editor in 0.00 ms.
Warning: Annotation not found!
UnityEngine.StackTraceUtility:ExtractStackTrace ()
UnityEditor.ProBuilder.EditorUtility:SetGizmoIconEnabled (System.Type,bool) (at Library/PackageCache/com.unity.probuilder@4.4.0/Editor/EditorCore/EditorUtility.cs:593)
UnityEditor.ProBuilder.HierarchyListener:.cctor () (at Library/PackageCache/com.unity.probuilder@4.4.0/Editor/EditorCore/HierarchyListener.cs:21)
System.Runtime.CompilerServices.RuntimeHelpers:RunClassConstructor (System.RuntimeTypeHandle)
UnityEditor.EditorAssemblies:ProcessInitializeOnLoadAttributes (System.Type[])

[Library/PackageCache/com.unity.probuilder@4.4.0/Editor/EditorCore/EditorUtility.cs line 593]

Invoked RoslynAnalysisRunner static constructor.
RoslynAnalysisRunner will not be running.
RoslynAnalysisRunner has terminated.
Mono: successfully reloaded assembly
- Completed reload, in  0.948 seconds
Platform modules already initialized, skipping
Refreshing native plugins compatible for Editor in 0.23 ms, found 0 plugins.
Preloading 0 native plugins for Editor in 0.00 ms.
Unloading 1455 Unused Serialized files (Serialized files now loaded: 0)
System memory in use before: 78.9 MB.
System memory in use after: 77.1 MB.

Unloading 27 unused Assets to reduce memory usage. Loaded Objects now: 1975.
Total: 3.392500 ms (FindLiveObjects: 0.152700 ms CreateObjectMapping: 0.044100 ms MarkObjects: 1.825200 ms  DeleteObjects: 1.369800 ms)

========================================================================
Received Prepare
Registering precompiled user dll's ...
Registered in 0.001313 seconds.
Begin MonoManager ReloadAssembly
Native extension for WindowsStandalone target not found
Refreshing native plugins compatible for Editor in 0.26 ms, found 0 plugins.
Preloading 0 native plugins for Editor in 0.00 ms.
Warning: Annotation not found!
UnityEngine.StackTraceUtility:ExtractStackTrace ()
UnityEditor.ProBuilder.EditorUtility:SetGizmoIconEnabled (System.Type,bool) (at Library/PackageCache/com.unity.probuilder@4.4.0/Editor/EditorCore/EditorUtility.cs:593)
UnityEditor.ProBuilder.HierarchyListener:.cctor () (at Library/PackageCache/com.unity.probuilder@4.4.0/Editor/EditorCore/HierarchyListener.cs:21)
System.Runtime.CompilerServices.RuntimeHelpers:RunClassConstructor (System.RuntimeTypeHandle)
UnityEditor.EditorAssemblies:ProcessInitializeOnLoadAttributes (System.Type[])

[Library/PackageCache/com.unity.probuilder@4.4.0/Editor/EditorCore/EditorUtility.cs line 593]

Invoked RoslynAnalysisRunner static constructor.
RoslynAnalysisRunner will not be running.
RoslynAnalysisRunner has terminated.
Mono: successfully reloaded assembly
- Completed reload, in  0.900 seconds
Platform modules already initialized, skipping
Refreshing native plugins compatible for Editor in 0.23 ms, found 0 plugins.
Preloading 0 native plugins for Editor in 0.00 ms.
Unloading 1455 Unused Serialized files (Serialized files now loaded: 0)
System memory in use before: 79.0 MB.
System memory in use after: 77.2 MB.

Unloading 27 unused Assets to reduce memory usage. Loaded Objects now: 1977.
Total: 3.748700 ms (FindLiveObjects: 0.183700 ms CreateObjectMapping: 0.062400 ms MarkObjects: 1.765200 ms  DeleteObjects: 1.736400 ms)

========================================================================
Received Prepare
Registering precompiled user dll's ...
Registered in 0.001061 seconds.
Begin MonoManager ReloadAssembly
Native extension for WindowsStandalone target not found
Refreshing native plugins compatible for Editor in 0.38 ms, found 0 plugins.
Preloading 0 native plugins for Editor in 0.00 ms.
Warning: Annotation not found!
UnityEngine.StackTraceUtility:ExtractStackTrace ()
UnityEditor.ProBuilder.EditorUtility:SetGizmoIconEnabled (System.Type,bool) (at Library/PackageCache/com.unity.probuilder@4.4.0/Editor/EditorCore/EditorUtility.cs:593)
UnityEditor.ProBuilder.HierarchyListener:.cctor () (at Library/PackageCache/com.unity.probuilder@4.4.0/Editor/EditorCore/HierarchyListener.cs:21)
System.Runtime.CompilerServices.RuntimeHelpers:RunClassConstructor (System.RuntimeTypeHandle)
UnityEditor.EditorAssemblies:ProcessInitializeOnLoadAttributes (System.Type[])

[Library/PackageCache/com.unity.probuilder@4.4.0/Editor/EditorCore/EditorUtility.cs line 593]

Invoked RoslynAnalysisRunner static constructor.
RoslynAnalysisRunner will not be running.
RoslynAnalysisRunner has terminated.
Mono: successfully reloaded assembly
- Completed reload, in  0.863 seconds
Platform modules already initialized, skipping
Refreshing native plugins compatible for Editor in 0.25 ms, found 0 plugins.
Preloading 0 native plugins for Editor in 0.00 ms.
Unloading 1455 Unused Serialized files (Serialized files now loaded: 0)
System memory in use before: 78.2 MB.
System memory in use after: 76.4 MB.

Unloading 27 unused Assets to reduce memory usage. Loaded Objects now: 1979.
Total: 3.786400 ms (FindLiveObjects: 0.326700 ms CreateObjectMapping: 0.099900 ms MarkObjects: 1.857300 ms  DeleteObjects: 1.499000 ms)

========================================================================
Received Prepare
Registering precompiled user dll's ...
Registered in 0.001349 seconds.
Begin MonoManager ReloadAssembly
Native extension for WindowsStandalone target not found
Refreshing native plugins compatible for Editor in 0.27 ms, found 0 plugins.
Preloading 0 native plugins for Editor in 0.00 ms.
Warning: Annotation not found!
UnityEngine.StackTraceUtility:ExtractStackTrace ()
UnityEditor.ProBuilder.EditorUtility:SetGizmoIconEnabled (System.Type,bool) (at Library/PackageCache/com.unity.probuilder@4.4.0/Editor/EditorCore/EditorUtility.cs:593)
UnityEditor.ProBuilder.HierarchyListener:.cctor () (at Library/PackageCache/com.unity.probuilder@4.4.0/Editor/EditorCore/HierarchyListener.cs:21)
System.Runtime.CompilerServices.RuntimeHelpers:RunClassConstructor (System.RuntimeTypeHandle)
UnityEditor.EditorAssemblies:ProcessInitializeOnLoadAttributes (System.Type[])

[Library/PackageCache/com.unity.probuilder@4.4.0/Editor/EditorCore/EditorUtility.cs line 593]

Invoked RoslynAnalysisRunner static constructor.
RoslynAnalysisRunner will not be running.
RoslynAnalysisRunner has terminated.
Mono: successfully reloaded assembly
- Completed reload, in  0.951 seconds
Platform modules already initialized, skipping
Refreshing native plugins compatible for Editor in 0.42 ms, found 0 plugins.
Preloading 0 native plugins for Editor in 0.00 ms.
Unloading 1455 Unused Serialized files (Serialized files now loaded: 0)
System memory in use before: 78.4 MB.
System memory in use after: 76.7 MB.

Unloading 27 unused Assets to reduce memory usage. Loaded Objects now: 1981.
Total: 4.479300 ms (FindLiveObjects: 0.223400 ms CreateObjectMapping: 0.050500 ms MarkObjects: 2.161200 ms  DeleteObjects: 2.043100 ms)

AssetImportWorkerClient::OnTransportError - code=2 error=End of file
